<?xml version="1.0" encoding="UTF-8"?>
<testng-results skipped="0" failed="0" ignored="0" total="1" passed="1">
  <reporter-output>
  </reporter-output>
  <suite name="Default suite" duration-ms="13884" started-at="2018-07-31T20:09:43Z" finished-at="2018-07-31T20:09:57Z">
    <groups>
    </groups>
    <test name="Default test" duration-ms="13884" started-at="2018-07-31T20:09:43Z" finished-at="2018-07-31T20:09:57Z">
      <class name="actionspractice.ActionsExample">
        <test-method status="PASS" signature="setup()[pri:0, instance:actionspractice.ActionsExample@5622fdf]" name="setup" is-config="true" duration-ms="2286" started-at="2018-07-31T20:09:43Z" finished-at="2018-07-31T20:09:46Z">
          <reporter-output>
          </reporter-output>
        </test-method> <!-- setup -->
        <test-method status="PASS" signature="gmailtest()[pri:0, instance:actionspractice.ActionsExample@5622fdf]" name="gmailtest" duration-ms="11578" started-at="2018-07-31T20:09:46Z" finished-at="2018-07-31T20:09:57Z">
          <reporter-output>
          </reporter-output>
        </test-method> <!-- gmailtest -->
      </class> <!-- actionspractice.ActionsExample -->
    </test> <!-- Default test -->
  </suite> <!-- Default suite -->
</testng-results>
